<?xml version="1.0" encoding="UTF-8"?>
<document xmlns="urn:x-corbas:testns">
	<content>Textual Content</content>
</document>
