<?xml version="1.0" encoding="UTF-8"?>
<document xmlns:test="urn:x-corbas:testns" test:attrib1="value1" attrib2="value2">
	<content>Textual Content</content>
</document>
