<?xml version="1.0" encoding="UTF-8"?>
<document attrib1="value1" attrib2="value2">
	<content>Textual Content</content>
</document>
