<?xml version="1.0" encoding="UTF-8"?>
<document xmlns="urn:x-corbas:testns1" xmlns:ns2="urn:x-corbas:testns2">
	<ns2:content>Textual Content</ns2:content>
</document>
